Using pre-set license
Built from '2020.3/staging' branch; Version is '2020.3.10f1 (297d780c91bc) revision 2719096'; Using compiler version '192528614'; Build Type 'Release'
OS: 'Windows 10 Home; OS build 19042.1052; Version 2009; 64bit' Language: 'en' Physical Memory: 16315 MB
BatchMode: 1, IsHumanControllingUs: 0, StartBugReporterOnCrash: 0, Is64bit: 1, IsPro: 0

 COMMAND LINE ARGUMENTS:
C:\Program Files\Unity\Hub\Editor\2020.3.10f1\Editor\Unity.exe
-adb2
-batchMode
-noUpm
-name
AssetImportWorker0
-projectPath
D:/Unity/Projects/First Person Shooter testing
-logFile
Logs/AssetImportWorker0.log
-srvPort
62817
Successfully changed project path to: D:/Unity/Projects/First Person Shooter testing
D:/Unity/Projects/First Person Shooter testing
Using Asset Import Pipeline V2.
Refreshing native plugins compatible for Editor in 54.74 ms, found 2 plugins.
Preloading 0 native plugins for Editor in 0.00 ms.
Initialize engine version: 2020.3.10f1 (297d780c91bc)
[Subsystems] Discovering subsystems at path C:/Program Files/Unity/Hub/Editor/2020.3.10f1/Editor/Data/Resources/UnitySubsystems
[Subsystems] Discovering subsystems at path D:/Unity/Projects/First Person Shooter testing/Assets
GfxDevice: creating device client; threaded=0
Direct3D:
    Version:  Direct3D 11.0 [level 11.1]
    Renderer: NVIDIA GeForce GTX 1080 (ID=0x1b80)
    Vendor:   
    VRAM:     8079 MB
    Driver:   30.0.14.7111
Initialize mono
Mono path[0] = 'C:/Program Files/Unity/Hub/Editor/2020.3.10f1/Editor/Data/Managed'
Mono path[1] = 'C:/Program Files/Unity/Hub/Editor/2020.3.10f1/Editor/Data/MonoBleedingEdge/lib/mono/unityjit'
Mono config path = 'C:/Program Files/Unity/Hub/Editor/2020.3.10f1/Editor/Data/MonoBleedingEdge/etc'
Using monoOptions --debugger-agent=transport=dt_socket,embedding=1,server=y,suspend=n,address=127.0.0.1:56408
Begin MonoManager ReloadAssembly
Registering precompiled unity dll's ...
Register platform support module: C:/Program Files/Unity/Hub/Editor/2020.3.10f1/Editor/Data/PlaybackEngines/WebGLSupport/UnityEditor.WebGL.Extensions.dll
Register platform support module: C:/Program Files/Unity/Hub/Editor/2020.3.10f1/Editor/Data/PlaybackEngines/WindowsStandaloneSupport/UnityEditor.WindowsStandalone.Extensions.dll
Registered in 0.003535 seconds.
Native extension for WindowsStandalone target not found
Native extension for WebGL target not found
Refreshing native plugins compatible for Editor in 58.25 ms, found 2 plugins.
Preloading 0 native plugins for Editor in 0.00 ms.
Mono: successfully reloaded assembly
- Completed reload, in  1.540 seconds
Platform modules already initialized, skipping
Registering precompiled user dll's ...
Registered in 0.003706 seconds.
Begin MonoManager ReloadAssembly
Native extension for WindowsStandalone target not found
Native extension for WebGL target not found
Refreshing native plugins compatible for Editor in 0.92 ms, found 2 plugins.
Preloading 0 native plugins for Editor in 0.00 ms.
Mono: successfully reloaded assembly
- Completed reload, in  1.453 seconds
Platform modules already initialized, skipping
========================================================================
Worker process is ready to serve import requests
Launched and connected shader compiler UnityShaderCompiler.exe after 0.05 seconds
Refreshing native plugins compatible for Editor in 0.93 ms, found 2 plugins.
Preloading 0 native plugins for Editor in 0.00 ms.
Unloading 1972 Unused Serialized files (Serialized files now loaded: 0)
System memory in use before: 90.6 MB.
System memory in use after: 90.6 MB.

Unloading 78 unused Assets to reduce memory usage. Loaded Objects now: 2405.
Total: 3.245200 ms (FindLiveObjects: 0.391200 ms CreateObjectMapping: 0.072900 ms MarkObjects: 2.546700 ms  DeleteObjects: 0.232500 ms)

========================================================================
Received Import Request.
  path: Assets/My Stuff/Scripts/PlayerCharacterStuff/PlayerCharacterController.cs
  artifactKey: Guid(038afeff02c05c14688c9615261dd6b6) Importer(815301076,1909f56bfc062723c751e8b465ee728b)
Start importing Assets/My Stuff/Scripts/PlayerCharacterStuff/PlayerCharacterController.cs using Guid(038afeff02c05c14688c9615261dd6b6) Importer(815301076,1909f56bfc062723c751e8b465ee728b)  -> (artifact id: '0920607bf72be46020cba108cdbb5b47') in 0.035204 seconds
  Import took 0.044884 seconds .

========================================================================
Received Import Request.
  Time since last request: 1.374684 seconds.
  path: Assets/My Stuff/Scripts/Gameplay/PlayerInputsHandler.cs
  artifactKey: Guid(6657ecbbee67df047b388abf7ae7c9fb) Importer(815301076,1909f56bfc062723c751e8b465ee728b)
Start importing Assets/My Stuff/Scripts/Gameplay/PlayerInputsHandler.cs using Guid(6657ecbbee67df047b388abf7ae7c9fb) Importer(815301076,1909f56bfc062723c751e8b465ee728b)  -> (artifact id: '33e750374f2a34c0eeaa7e8dad5b15a9') in 0.017173 seconds
  Import took 0.030409 seconds .

========================================================================
Received Prepare
Refreshing native plugins compatible for Editor in 4.18 ms, found 2 plugins.
Preloading 0 native plugins for Editor in 0.00 ms.
Unloading 14 Unused Serialized files (Serialized files now loaded: 0)
System memory in use before: 49.5 MB.
System memory in use after: 49.5 MB.

Unloading 14 unused Assets to reduce memory usage. Loaded Objects now: 2405.
Total: 3.974400 ms (FindLiveObjects: 0.335700 ms CreateObjectMapping: 0.147600 ms MarkObjects: 3.382000 ms  DeleteObjects: 0.107600 ms)

========================================================================
Received Prepare
Registering precompiled user dll's ...
Registered in 0.003573 seconds.
Begin MonoManager ReloadAssembly
Native extension for WindowsStandalone target not found
Native extension for WebGL target not found
Refreshing native plugins compatible for Editor in 0.74 ms, found 2 plugins.
Preloading 0 native plugins for Editor in 0.00 ms.
Warning: Annotation not found!
UnityEngine.StackTraceUtility:ExtractStackTrace ()
UnityEditor.ProBuilder.EditorUtility:SetGizmoIconEnabled (System.Type,bool) (at Library/PackageCache/com.unity.probuilder@4.5.0/Editor/EditorCore/EditorUtility.cs:593)
UnityEditor.ProBuilder.HierarchyListener:.cctor () (at Library/PackageCache/com.unity.probuilder@4.5.0/Editor/EditorCore/HierarchyListener.cs:21)
System.Runtime.CompilerServices.RuntimeHelpers:RunClassConstructor (System.RuntimeTypeHandle)
UnityEditor.EditorAssemblies:ProcessInitializeOnLoadAttributes (System.Type[])

[Library/PackageCache/com.unity.probuilder@4.5.0/Editor/EditorCore/EditorUtility.cs line 593]

Mono: successfully reloaded assembly
- Completed reload, in  1.121 seconds
Platform modules already initialized, skipping
Refreshing native plugins compatible for Editor in 0.63 ms, found 2 plugins.
Preloading 0 native plugins for Editor in 0.00 ms.
Unloading 1934 Unused Serialized files (Serialized files now loaded: 0)
System memory in use before: 87.8 MB.
System memory in use after: 87.8 MB.

Unloading 16 unused Assets to reduce memory usage. Loaded Objects now: 2408.
Total: 2.817800 ms (FindLiveObjects: 0.224300 ms CreateObjectMapping: 0.047100 ms MarkObjects: 2.430000 ms  DeleteObjects: 0.114800 ms)

========================================================================
Received Import Request.
  Time since last request: 437.125758 seconds.
  path: Assets/My Stuff/Scripts/Gameplay/PlayerWeaponsManager.cs
  artifactKey: Guid(9f24c6aca38b7da4b94c8713fa292820) Importer(815301076,1909f56bfc062723c751e8b465ee728b)
Start importing Assets/My Stuff/Scripts/Gameplay/PlayerWeaponsManager.cs using Guid(9f24c6aca38b7da4b94c8713fa292820) Importer(815301076,1909f56bfc062723c751e8b465ee728b)  -> (artifact id: '21cb587121a22140bf43b1025ea56fba') in 0.009306 seconds
  Import took 0.012454 seconds .

========================================================================
Received Prepare
Registering precompiled user dll's ...
Registered in 0.003525 seconds.
Begin MonoManager ReloadAssembly
Native extension for WindowsStandalone target not found
Native extension for WebGL target not found
Refreshing native plugins compatible for Editor in 0.85 ms, found 2 plugins.
Preloading 0 native plugins for Editor in 0.00 ms.
Warning: Annotation not found!
UnityEngine.StackTraceUtility:ExtractStackTrace ()
UnityEditor.ProBuilder.EditorUtility:SetGizmoIconEnabled (System.Type,bool) (at Library/PackageCache/com.unity.probuilder@4.5.0/Editor/EditorCore/EditorUtility.cs:593)
UnityEditor.ProBuilder.HierarchyListener:.cctor () (at Library/PackageCache/com.unity.probuilder@4.5.0/Editor/EditorCore/HierarchyListener.cs:21)
System.Runtime.CompilerServices.RuntimeHelpers:RunClassConstructor (System.RuntimeTypeHandle)
UnityEditor.EditorAssemblies:ProcessInitializeOnLoadAttributes (System.Type[])

[Library/PackageCache/com.unity.probuilder@4.5.0/Editor/EditorCore/EditorUtility.cs line 593]

Mono: successfully reloaded assembly
- Completed reload, in  1.109 seconds
Platform modules already initialized, skipping
Refreshing native plugins compatible for Editor in 0.58 ms, found 2 plugins.
Preloading 0 native plugins for Editor in 0.00 ms.
Unloading 1934 Unused Serialized files (Serialized files now loaded: 0)
System memory in use before: 87.8 MB.
System memory in use after: 87.8 MB.

Unloading 16 unused Assets to reduce memory usage. Loaded Objects now: 2411.
Total: 2.585500 ms (FindLiveObjects: 0.198000 ms CreateObjectMapping: 0.044900 ms MarkObjects: 2.235500 ms  DeleteObjects: 0.105700 ms)

========================================================================
Received Prepare
Registering precompiled user dll's ...
Registered in 0.003580 seconds.
Begin MonoManager ReloadAssembly
Native extension for WindowsStandalone target not found
Native extension for WebGL target not found
Refreshing native plugins compatible for Editor in 0.72 ms, found 2 plugins.
Preloading 0 native plugins for Editor in 0.00 ms.
Warning: Annotation not found!
UnityEngine.StackTraceUtility:ExtractStackTrace ()
UnityEditor.ProBuilder.EditorUtility:SetGizmoIconEnabled (System.Type,bool) (at Library/PackageCache/com.unity.probuilder@4.5.0/Editor/EditorCore/EditorUtility.cs:593)
UnityEditor.ProBuilder.HierarchyListener:.cctor () (at Library/PackageCache/com.unity.probuilder@4.5.0/Editor/EditorCore/HierarchyListener.cs:21)
System.Runtime.CompilerServices.RuntimeHelpers:RunClassConstructor (System.RuntimeTypeHandle)
UnityEditor.EditorAssemblies:ProcessInitializeOnLoadAttributes (System.Type[])

[Library/PackageCache/com.unity.probuilder@4.5.0/Editor/EditorCore/EditorUtility.cs line 593]

Mono: successfully reloaded assembly
- Completed reload, in  1.184 seconds
Platform modules already initialized, skipping
Refreshing native plugins compatible for Editor in 1.19 ms, found 2 plugins.
Preloading 0 native plugins for Editor in 0.00 ms.
Unloading 1931 Unused Serialized files (Serialized files now loaded: 0)
System memory in use before: 87.8 MB.
System memory in use after: 87.8 MB.

Unloading 19 unused Assets to reduce memory usage. Loaded Objects now: 2411.
Total: 4.416400 ms (FindLiveObjects: 0.238000 ms CreateObjectMapping: 0.044100 ms MarkObjects: 3.980600 ms  DeleteObjects: 0.151900 ms)

========================================================================
Received Prepare
Registering precompiled user dll's ...
Registered in 0.003656 seconds.
Begin MonoManager ReloadAssembly
Native extension for WindowsStandalone target not found
Native extension for WebGL target not found
Refreshing native plugins compatible for Editor in 0.56 ms, found 2 plugins.
Preloading 0 native plugins for Editor in 0.00 ms.
Warning: Annotation not found!
UnityEngine.StackTraceUtility:ExtractStackTrace ()
UnityEditor.ProBuilder.EditorUtility:SetGizmoIconEnabled (System.Type,bool) (at Library/PackageCache/com.unity.probuilder@4.5.0/Editor/EditorCore/EditorUtility.cs:593)
UnityEditor.ProBuilder.HierarchyListener:.cctor () (at Library/PackageCache/com.unity.probuilder@4.5.0/Editor/EditorCore/HierarchyListener.cs:21)
System.Runtime.CompilerServices.RuntimeHelpers:RunClassConstructor (System.RuntimeTypeHandle)
UnityEditor.EditorAssemblies:ProcessInitializeOnLoadAttributes (System.Type[])

[Library/PackageCache/com.unity.probuilder@4.5.0/Editor/EditorCore/EditorUtility.cs line 593]

Mono: successfully reloaded assembly
- Completed reload, in  1.050 seconds
Platform modules already initialized, skipping
Refreshing native plugins compatible for Editor in 0.64 ms, found 2 plugins.
Preloading 0 native plugins for Editor in 0.00 ms.
Unloading 1932 Unused Serialized files (Serialized files now loaded: 0)
System memory in use before: 87.8 MB.
System memory in use after: 87.8 MB.

Unloading 16 unused Assets to reduce memory usage. Loaded Objects now: 2415.
Total: 2.488900 ms (FindLiveObjects: 0.208400 ms CreateObjectMapping: 0.044000 ms MarkObjects: 2.125700 ms  DeleteObjects: 0.109700 ms)

========================================================================
Received Import Request.
  Time since last request: 515.984377 seconds.
  path: Assets/My Stuff/Scripts/Managers/WeaponController.cs
  artifactKey: Guid(9e9dbc9001d5df449a0d39f3a2dc9129) Importer(815301076,1909f56bfc062723c751e8b465ee728b)
Start importing Assets/My Stuff/Scripts/Managers/WeaponController.cs using Guid(9e9dbc9001d5df449a0d39f3a2dc9129) Importer(815301076,1909f56bfc062723c751e8b465ee728b)  -> (artifact id: 'd101d6dd1211e171a21bb0b7d0776ad9') in 0.012404 seconds
  Import took 0.015763 seconds .

========================================================================
Received Prepare
Registering precompiled user dll's ...
Registered in 0.004069 seconds.
Begin MonoManager ReloadAssembly
Native extension for WindowsStandalone target not found
Native extension for WebGL target not found
Refreshing native plugins compatible for Editor in 0.62 ms, found 2 plugins.
Preloading 0 native plugins for Editor in 0.00 ms.
Warning: Annotation not found!
UnityEngine.StackTraceUtility:ExtractStackTrace ()
UnityEditor.ProBuilder.EditorUtility:SetGizmoIconEnabled (System.Type,bool) (at Library/PackageCache/com.unity.probuilder@4.5.0/Editor/EditorCore/EditorUtility.cs:593)
UnityEditor.ProBuilder.HierarchyListener:.cctor () (at Library/PackageCache/com.unity.probuilder@4.5.0/Editor/EditorCore/HierarchyListener.cs:21)
System.Runtime.CompilerServices.RuntimeHelpers:RunClassConstructor (System.RuntimeTypeHandle)
UnityEditor.EditorAssemblies:ProcessInitializeOnLoadAttributes (System.Type[])

[Library/PackageCache/com.unity.probuilder@4.5.0/Editor/EditorCore/EditorUtility.cs line 593]

Mono: successfully reloaded assembly
- Completed reload, in  1.070 seconds
Platform modules already initialized, skipping
Refreshing native plugins compatible for Editor in 0.69 ms, found 2 plugins.
Preloading 0 native plugins for Editor in 0.00 ms.
Unloading 1933 Unused Serialized files (Serialized files now loaded: 0)
System memory in use before: 87.8 MB.
System memory in use after: 87.9 MB.

Unloading 16 unused Assets to reduce memory usage. Loaded Objects now: 2419.
Total: 2.510600 ms (FindLiveObjects: 0.204100 ms CreateObjectMapping: 0.044900 ms MarkObjects: 2.153100 ms  DeleteObjects: 0.107100 ms)

========================================================================
Received Prepare
Registering precompiled user dll's ...
Registered in 0.003422 seconds.
Begin MonoManager ReloadAssembly
Native extension for WindowsStandalone target not found
Native extension for WebGL target not found
Refreshing native plugins compatible for Editor in 0.62 ms, found 2 plugins.
Preloading 0 native plugins for Editor in 0.00 ms.
Warning: Annotation not found!
UnityEngine.StackTraceUtility:ExtractStackTrace ()
UnityEditor.ProBuilder.EditorUtility:SetGizmoIconEnabled (System.Type,bool) (at Library/PackageCache/com.unity.probuilder@4.5.0/Editor/EditorCore/EditorUtility.cs:593)
UnityEditor.ProBuilder.HierarchyListener:.cctor () (at Library/PackageCache/com.unity.probuilder@4.5.0/Editor/EditorCore/HierarchyListener.cs:21)
System.Runtime.CompilerServices.RuntimeHelpers:RunClassConstructor (System.RuntimeTypeHandle)
UnityEditor.EditorAssemblies:ProcessInitializeOnLoadAttributes (System.Type[])

[Library/PackageCache/com.unity.probuilder@4.5.0/Editor/EditorCore/EditorUtility.cs line 593]

Mono: successfully reloaded assembly
- Completed reload, in  1.101 seconds
Platform modules already initialized, skipping
Refreshing native plugins compatible for Editor in 0.58 ms, found 2 plugins.
Preloading 0 native plugins for Editor in 0.00 ms.
Unloading 1932 Unused Serialized files (Serialized files now loaded: 0)
System memory in use before: 87.8 MB.
System memory in use after: 87.8 MB.

Unloading 17 unused Assets to reduce memory usage. Loaded Objects now: 2421.
Total: 2.844300 ms (FindLiveObjects: 0.261700 ms CreateObjectMapping: 0.047700 ms MarkObjects: 2.421400 ms  DeleteObjects: 0.112200 ms)

========================================================================
Received Import Request.
  Time since last request: 64.606762 seconds.
  path: Assets/My Stuff/Scripts/Gameplay/PlayerWeaponsManager.cs
  artifactKey: Guid(9f24c6aca38b7da4b94c8713fa292820) Importer(815301076,1909f56bfc062723c751e8b465ee728b)
Start importing Assets/My Stuff/Scripts/Gameplay/PlayerWeaponsManager.cs using Guid(9f24c6aca38b7da4b94c8713fa292820) Importer(815301076,1909f56bfc062723c751e8b465ee728b)  -> (artifact id: 'e03b82f2d11f300e4443519e8f178257') in 0.004810 seconds
  Import took 0.007835 seconds .

========================================================================
Received Import Request.
  Time since last request: 0.029092 seconds.
  path: Assets/My Stuff/Scripts/Gameplay/PlayerWeaponsManager.cs
  artifactKey: Guid(9f24c6aca38b7da4b94c8713fa292820) Importer(815301076,1909f56bfc062723c751e8b465ee728b)
Start importing Assets/My Stuff/Scripts/Gameplay/PlayerWeaponsManager.cs using Guid(9f24c6aca38b7da4b94c8713fa292820) Importer(815301076,1909f56bfc062723c751e8b465ee728b)  -> (artifact id: 'e03b82f2d11f300e4443519e8f178257') in 0.001954 seconds
  Import took 0.005026 seconds .

========================================================================
Received Import Request.
  Time since last request: 19.929859 seconds.
  path: Assets/My Stuff/Scripts/Gameplay/WeaponController.cs
  artifactKey: Guid(12f1ad63a980f1c459d20645b50c1005) Importer(815301076,1909f56bfc062723c751e8b465ee728b)
Start importing Assets/My Stuff/Scripts/Gameplay/WeaponController.cs using Guid(12f1ad63a980f1c459d20645b50c1005) Importer(815301076,1909f56bfc062723c751e8b465ee728b)  -> (artifact id: 'bd85f21065584c4446d8590134e054d2') in 0.002044 seconds
  Import took 0.010022 seconds .

========================================================================
Received Prepare
Registering precompiled user dll's ...
Registered in 0.003502 seconds.
Begin MonoManager ReloadAssembly
Native extension for WindowsStandalone target not found
Native extension for WebGL target not found
Refreshing native plugins compatible for Editor in 0.72 ms, found 2 plugins.
Preloading 0 native plugins for Editor in 0.00 ms.
Warning: Annotation not found!
UnityEngine.StackTraceUtility:ExtractStackTrace ()
UnityEditor.ProBuilder.EditorUtility:SetGizmoIconEnabled (System.Type,bool) (at Library/PackageCache/com.unity.probuilder@4.5.0/Editor/EditorCore/EditorUtility.cs:593)
UnityEditor.ProBuilder.HierarchyListener:.cctor () (at Library/PackageCache/com.unity.probuilder@4.5.0/Editor/EditorCore/HierarchyListener.cs:21)
System.Runtime.CompilerServices.RuntimeHelpers:RunClassConstructor (System.RuntimeTypeHandle)
UnityEditor.EditorAssemblies:ProcessInitializeOnLoadAttributes (System.Type[])

[Library/PackageCache/com.unity.probuilder@4.5.0/Editor/EditorCore/EditorUtility.cs line 593]

Mono: successfully reloaded assembly
- Completed reload, in  1.102 seconds
Platform modules already initialized, skipping
Refreshing native plugins compatible for Editor in 0.59 ms, found 2 plugins.
Preloading 0 native plugins for Editor in 0.00 ms.
Unloading 1933 Unused Serialized files (Serialized files now loaded: 0)
System memory in use before: 87.8 MB.
System memory in use after: 87.9 MB.

Unloading 16 unused Assets to reduce memory usage. Loaded Objects now: 2425.
Total: 2.577700 ms (FindLiveObjects: 0.216100 ms CreateObjectMapping: 0.045000 ms MarkObjects: 2.210200 ms  DeleteObjects: 0.105200 ms)

========================================================================
Received Import Request.
  Time since last request: 1210.127829 seconds.
  path: Assets/My Stuff/Scripts/Gameplay/WeaponController.cs
  artifactKey: Guid(12f1ad63a980f1c459d20645b50c1005) Importer(815301076,1909f56bfc062723c751e8b465ee728b)
Start importing Assets/My Stuff/Scripts/Gameplay/WeaponController.cs using Guid(12f1ad63a980f1c459d20645b50c1005) Importer(815301076,1909f56bfc062723c751e8b465ee728b)  -> (artifact id: '349c8088243e1d75f4f4c2cb29248600') in 0.005365 seconds
  Import took 0.008313 seconds .

========================================================================
Received Prepare
Registering precompiled user dll's ...
Registered in 0.003413 seconds.
Begin MonoManager ReloadAssembly
Native extension for WindowsStandalone target not found
Native extension for WebGL target not found
Refreshing native plugins compatible for Editor in 0.90 ms, found 2 plugins.
Preloading 0 native plugins for Editor in 0.00 ms.
Warning: Annotation not found!
UnityEngine.StackTraceUtility:ExtractStackTrace ()
UnityEditor.ProBuilder.EditorUtility:SetGizmoIconEnabled (System.Type,bool) (at Library/PackageCache/com.unity.probuilder@4.5.0/Editor/EditorCore/EditorUtility.cs:593)
UnityEditor.ProBuilder.HierarchyListener:.cctor () (at Library/PackageCache/com.unity.probuilder@4.5.0/Editor/EditorCore/HierarchyListener.cs:21)
System.Runtime.CompilerServices.RuntimeHelpers:RunClassConstructor (System.RuntimeTypeHandle)
UnityEditor.EditorAssemblies:ProcessInitializeOnLoadAttributes (System.Type[])

[Library/PackageCache/com.unity.probuilder@4.5.0/Editor/EditorCore/EditorUtility.cs line 593]

Mono: successfully reloaded assembly
- Completed reload, in  1.068 seconds
Platform modules already initialized, skipping
Refreshing native plugins compatible for Editor in 0.56 ms, found 2 plugins.
Preloading 0 native plugins for Editor in 0.00 ms.
Unloading 1933 Unused Serialized files (Serialized files now loaded: 0)
System memory in use before: 87.9 MB.
System memory in use after: 87.9 MB.

Unloading 16 unused Assets to reduce memory usage. Loaded Objects now: 2428.
Total: 2.466900 ms (FindLiveObjects: 0.184200 ms CreateObjectMapping: 0.044000 ms MarkObjects: 2.133000 ms  DeleteObjects: 0.104600 ms)

========================================================================
Received Import Request.
  Time since last request: 239.353156 seconds.
  path: Assets/My Stuff/Scripts/Gameplay/Weapons
  artifactKey: Guid(abf235f29e23e2c40a4b44d5146179ed) Importer(815301076,1909f56bfc062723c751e8b465ee728b)
Start importing Assets/My Stuff/Scripts/Gameplay/Weapons using Guid(abf235f29e23e2c40a4b44d5146179ed) Importer(815301076,1909f56bfc062723c751e8b465ee728b)  -> (artifact id: '48c4d4feb8fa18645e288e8dee0c466a') in 0.009234 seconds
  Import took 0.012571 seconds .

========================================================================
Received Import Request.
  Time since last request: 8.297012 seconds.
  path: Assets/My Stuff/Scripts/Gameplay/Weapons/Weapon.cs
  artifactKey: Guid(633728e54f31cb44fb7643cb9f5fe040) Importer(815301076,1909f56bfc062723c751e8b465ee728b)
Start importing Assets/My Stuff/Scripts/Gameplay/Weapons/Weapon.cs using Guid(633728e54f31cb44fb7643cb9f5fe040) Importer(815301076,1909f56bfc062723c751e8b465ee728b)  -> (artifact id: '98d8c09c6769a8b380d754c20ef3d916') in 0.025912 seconds
  Import took 0.028915 seconds .

========================================================================
Received Prepare
Registering precompiled user dll's ...
Registered in 0.004002 seconds.
Begin MonoManager ReloadAssembly
Native extension for WindowsStandalone target not found
Native extension for WebGL target not found
Refreshing native plugins compatible for Editor in 0.56 ms, found 2 plugins.
Preloading 0 native plugins for Editor in 0.00 ms.
Warning: Annotation not found!
UnityEngine.StackTraceUtility:ExtractStackTrace ()
UnityEditor.ProBuilder.EditorUtility:SetGizmoIconEnabled (System.Type,bool) (at Library/PackageCache/com.unity.probuilder@4.5.0/Editor/EditorCore/EditorUtility.cs:593)
UnityEditor.ProBuilder.HierarchyListener:.cctor () (at Library/PackageCache/com.unity.probuilder@4.5.0/Editor/EditorCore/HierarchyListener.cs:21)
System.Runtime.CompilerServices.RuntimeHelpers:RunClassConstructor (System.RuntimeTypeHandle)
UnityEditor.EditorAssemblies:ProcessInitializeOnLoadAttributes (System.Type[])

[Library/PackageCache/com.unity.probuilder@4.5.0/Editor/EditorCore/EditorUtility.cs line 593]

Mono: successfully reloaded assembly
- Completed reload, in  1.035 seconds
Platform modules already initialized, skipping
Refreshing native plugins compatible for Editor in 0.56 ms, found 2 plugins.
Preloading 0 native plugins for Editor in 0.00 ms.
Unloading 1934 Unused Serialized files (Serialized files now loaded: 0)
System memory in use before: 87.9 MB.
System memory in use after: 87.9 MB.

Unloading 16 unused Assets to reduce memory usage. Loaded Objects now: 2432.
Total: 2.440100 ms (FindLiveObjects: 0.187200 ms CreateObjectMapping: 0.043300 ms MarkObjects: 2.086300 ms  DeleteObjects: 0.122100 ms)

AssetImportWorkerClient::OnTransportError - code=2 error=End of file
